[ 2017-06-21T09:41:48+08:00 ] ::1 /NewsWeb/index.php?c=index&a=getCount
INFO: [ app_init ] --START--
INFO: Run Behavior\BuildLiteBehavior [ RunTime:0.000000s ]
INFO: [ app_init ] --END-- [ RunTime:0.001000s ]
INFO: [ app_begin ] --START--
INFO: Run Behavior\ReadHtmlCacheBehavior [ RunTime:0.002000s ]
INFO: [ app_begin ] --END-- [ RunTime:0.002000s ]
NOTIC: [2048] Declaration of Home\Controller\CommonController::error() should be compatible with Think\Controller::error($message = '', $jumpUrl = '', $ajax = false) D:\phpStudy\WWW\NewsWeb\Application\Home\Controller\CommonController.class.php 第 24 行.
NOTIC: [2048] Declaration of Common\Model\NewsModel::find() should be compatible with Think\Model::find($options = Array) D:\phpStudy\WWW\NewsWeb\Application\Common\Model\NewsModel.class.php 第 9 行.
SQL: SHOW COLUMNS FROM `sp_news` [ RunTime:0.0720s ]
SQL: SELECT * FROM `sp_news` WHERE `news_id` IN ('','30','29','28','6','5','4','2','1')  [ RunTime:0.0010s ]

[ 2017-06-21T09:41:55+08:00 ] ::1 /NewsWeb/index.php?c=index&a=getCount
INFO: [ app_init ] --START--
INFO: Run Behavior\BuildLiteBehavior [ RunTime:0.001000s ]
INFO: [ app_init ] --END-- [ RunTime:0.002000s ]
INFO: [ app_begin ] --START--
INFO: Run Behavior\ReadHtmlCacheBehavior [ RunTime:0.003000s ]
INFO: [ app_begin ] --END-- [ RunTime:0.004000s ]
NOTIC: [2048] Declaration of Home\Controller\CommonController::error() should be compatible with Think\Controller::error($message = '', $jumpUrl = '', $ajax = false) D:\phpStudy\WWW\NewsWeb\Application\Home\Controller\CommonController.class.php 第 24 行.
NOTIC: [2048] Declaration of Common\Model\NewsModel::find() should be compatible with Think\Model::find($options = Array) D:\phpStudy\WWW\NewsWeb\Application\Common\Model\NewsModel.class.php 第 9 行.
SQL: SHOW COLUMNS FROM `sp_news` [ RunTime:0.0090s ]
SQL: SELECT * FROM `sp_news` WHERE `news_id` IN ('','30','29','28','6','5','4','2','1')  [ RunTime:0.0010s ]

[ 2017-06-21T09:42:03+08:00 ] ::1 /NewsWeb/index.php?c=detail&id=5
INFO: [ app_init ] --START--
INFO: Run Behavior\BuildLiteBehavior [ RunTime:0.000000s ]
INFO: [ app_init ] --END-- [ RunTime:0.000000s ]
INFO: [ app_begin ] --START--
INFO: Run Behavior\ReadHtmlCacheBehavior [ RunTime:0.012001s ]
INFO: [ app_begin ] --END-- [ RunTime:0.012001s ]
NOTIC: [2048] Declaration of Home\Controller\CommonController::error() should be compatible with Think\Controller::error($message = '', $jumpUrl = '', $ajax = false) D:\phpStudy\WWW\NewsWeb\Application\Home\Controller\CommonController.class.php 第 24 行.
NOTIC: [2048] Declaration of Common\Model\NewsModel::find() should be compatible with Think\Model::find($options = Array) D:\phpStudy\WWW\NewsWeb\Application\Common\Model\NewsModel.class.php 第 9 行.
SQL: SHOW COLUMNS FROM `sp_news` [ RunTime:0.0090s ]
SQL: SELECT * FROM `sp_news` WHERE ( news_id=5 ) LIMIT 1   [ RunTime:0.0010s ]
SQL: UPDATE `sp_news` SET `count`='14' WHERE ( news_id=5 ) [ RunTime:0.0010s ]
NOTIC: [2048] Declaration of Common\Model\NewsContentModel::find() should be compatible with Think\Model::find($options = Array) D:\phpStudy\WWW\NewsWeb\Application\Common\Model\NewsContentModel.class.php 第 46 行.
SQL: SHOW COLUMNS FROM `sp_news_content` [ RunTime:0.0500s ]
SQL: SELECT * FROM `sp_news_content` WHERE ( news_id=5 ) LIMIT 1   [ RunTime:0.0000s ]
NOTIC: [2048] Declaration of Common\Model\PositionContentModel::find() should be compatible with Think\Model::find($options = Array) D:\phpStudy\WWW\NewsWeb\Application\Common\Model\PositionContentModel.class.php 第 90 行.
SQL: SHOW COLUMNS FROM `sp_position_content` [ RunTime:0.0110s ]
NOTIC: [8] Undefined index: title D:\phpStudy\WWW\NewsWeb\Application\Common\Model\PositionContentModel.class.php 第 18 行.
SQL: SELECT * FROM `sp_position_content` WHERE `status` = 1 AND `position_id` = 3 ORDER BY listorder desc ,id desc LIMIT 2   [ RunTime:0.0010s ]
SQL: SELECT * FROM `sp_news` WHERE `status` = 1 ORDER BY count desc  LIMIT 10   [ RunTime:0.0020s ]
INFO: [ view_parse ] --START--
INFO: [ template_filter ] --START--
INFO: Run Behavior\ContentReplaceBehavior [ RunTime:0.000000s ]
INFO: [ template_filter ] --END-- [ RunTime:0.000000s ]
NOTIC: [2048] Declaration of Common\Model\BasicModel::save() should be compatible with Think\Model::save($data = '', $options = Array) D:\phpStudy\WWW\NewsWeb\Application\Common\Model\BasicModel.class.php 第 30 行.
NOTIC: [2048] Declaration of Common\Model\BasicModel::select() should be compatible with Think\Model::select($options = Array) D:\phpStudy\WWW\NewsWeb\Application\Common\Model\BasicModel.class.php 第 30 行.
NOTIC: [2048] Declaration of Common\Model\MenuModel::find() should be compatible with Think\Model::find($options = Array) D:\phpStudy\WWW\NewsWeb\Application\Common\Model\MenuModel.class.php 第 91 行.
SQL: SHOW COLUMNS FROM `sp_menu` [ RunTime:0.0410s ]
SQL: SELECT * FROM `sp_menu` WHERE `status` = 1 AND `type` = 0 ORDER BY listorder ,menu_id  [ RunTime:0.0010s ]
NOTIC: [8] Undefined index: name D:\phpStudy\WWW\NewsWeb\Application\Runtime\Cache\Home\0d75cb75cd30b13fdd4834afd69acb19.php 第 69 行.
NOTIC: [8] Undefined index: name D:\phpStudy\WWW\NewsWeb\Application\Runtime\Cache\Home\0d75cb75cd30b13fdd4834afd69acb19.php 第 69 行.
INFO: Run Behavior\ParseTemplateBehavior [ RunTime:0.080005s ]
INFO: [ view_parse ] --END-- [ RunTime:0.080005s ]
INFO: [ view_filter ] --START--
INFO: Run Behavior\WriteHtmlCacheBehavior [ RunTime:0.002000s ]
INFO: [ view_filter ] --END-- [ RunTime:0.002000s ]
INFO: [ app_end ] --START--
INFO: Run Behavior\ShowPageTraceBehavior [ RunTime:0.003000s ]
INFO: [ app_end ] --END-- [ RunTime:0.003000s ]

[ 2017-06-21T09:42:12+08:00 ] ::1 /NewsWeb/index.php?c=detail&id=29
INFO: [ app_init ] --START--
INFO: Run Behavior\BuildLiteBehavior [ RunTime:0.000000s ]
INFO: [ app_init ] --END-- [ RunTime:0.002000s ]
INFO: [ app_begin ] --START--
INFO: Run Behavior\ReadHtmlCacheBehavior [ RunTime:0.003000s ]
INFO: [ app_begin ] --END-- [ RunTime:0.003000s ]
NOTIC: [2048] Declaration of Home\Controller\CommonController::error() should be compatible with Think\Controller::error($message = '', $jumpUrl = '', $ajax = false) D:\phpStudy\WWW\NewsWeb\Application\Home\Controller\CommonController.class.php 第 24 行.
NOTIC: [2048] Declaration of Common\Model\NewsModel::find() should be compatible with Think\Model::find($options = Array) D:\phpStudy\WWW\NewsWeb\Application\Common\Model\NewsModel.class.php 第 9 行.
SQL: SHOW COLUMNS FROM `sp_news` [ RunTime:0.0100s ]
SQL: SELECT * FROM `sp_news` WHERE ( news_id=29 ) LIMIT 1   [ RunTime:0.0010s ]
SQL: UPDATE `sp_news` SET `count`='1' WHERE ( news_id=29 ) [ RunTime:0.0010s ]
NOTIC: [2048] Declaration of Common\Model\NewsContentModel::find() should be compatible with Think\Model::find($options = Array) D:\phpStudy\WWW\NewsWeb\Application\Common\Model\NewsContentModel.class.php 第 46 行.
SQL: SHOW COLUMNS FROM `sp_news_content` [ RunTime:0.0090s ]
SQL: SELECT * FROM `sp_news_content` WHERE ( news_id=29 ) LIMIT 1   [ RunTime:0.0010s ]
NOTIC: [2048] Declaration of Common\Model\PositionContentModel::find() should be compatible with Think\Model::find($options = Array) D:\phpStudy\WWW\NewsWeb\Application\Common\Model\PositionContentModel.class.php 第 90 行.
SQL: SHOW COLUMNS FROM `sp_position_content` [ RunTime:0.0090s ]
NOTIC: [8] Undefined index: title D:\phpStudy\WWW\NewsWeb\Application\Common\Model\PositionContentModel.class.php 第 18 行.
SQL: SELECT * FROM `sp_position_content` WHERE `status` = 1 AND `position_id` = 3 ORDER BY listorder desc ,id desc LIMIT 2   [ RunTime:0.0000s ]
SQL: SELECT * FROM `sp_news` WHERE `status` = 1 ORDER BY count desc  LIMIT 10   [ RunTime:0.0020s ]
INFO: [ view_parse ] --START--
INFO: [ template_filter ] --START--
INFO: Run Behavior\ContentReplaceBehavior [ RunTime:0.000000s ]
INFO: [ template_filter ] --END-- [ RunTime:0.000000s ]
NOTIC: [2048] Declaration of Common\Model\BasicModel::save() should be compatible with Think\Model::save($data = '', $options = Array) D:\phpStudy\WWW\NewsWeb\Application\Common\Model\BasicModel.class.php 第 30 行.
NOTIC: [2048] Declaration of Common\Model\BasicModel::select() should be compatible with Think\Model::select($options = Array) D:\phpStudy\WWW\NewsWeb\Application\Common\Model\BasicModel.class.php 第 30 行.
NOTIC: [2048] Declaration of Common\Model\MenuModel::find() should be compatible with Think\Model::find($options = Array) D:\phpStudy\WWW\NewsWeb\Application\Common\Model\MenuModel.class.php 第 91 行.
SQL: SHOW COLUMNS FROM `sp_menu` [ RunTime:0.0090s ]
SQL: SELECT * FROM `sp_menu` WHERE `status` = 1 AND `type` = 0 ORDER BY listorder ,menu_id  [ RunTime:0.0010s ]
NOTIC: [8] Undefined index: name D:\phpStudy\WWW\NewsWeb\Application\Runtime\Cache\Home\0d75cb75cd30b13fdd4834afd69acb19.php 第 69 行.
NOTIC: [8] Undefined index: name D:\phpStudy\WWW\NewsWeb\Application\Runtime\Cache\Home\0d75cb75cd30b13fdd4834afd69acb19.php 第 69 行.
INFO: Run Behavior\ParseTemplateBehavior [ RunTime:0.051003s ]
INFO: [ view_parse ] --END-- [ RunTime:0.052003s ]
INFO: [ view_filter ] --START--
INFO: Run Behavior\WriteHtmlCacheBehavior [ RunTime:0.001000s ]
INFO: [ view_filter ] --END-- [ RunTime:0.001000s ]
INFO: [ app_end ] --START--
INFO: Run Behavior\ShowPageTraceBehavior [ RunTime:0.003000s ]
INFO: [ app_end ] --END-- [ RunTime:0.003000s ]

[ 2017-06-21T09:42:19+08:00 ] ::1 /NewsWeb/index.php?c=detail&id=30
INFO: [ app_init ] --START--
INFO: Run Behavior\BuildLiteBehavior [ RunTime:0.000000s ]
INFO: [ app_init ] --END-- [ RunTime:0.001000s ]
INFO: [ app_begin ] --START--
INFO: Run Behavior\ReadHtmlCacheBehavior [ RunTime:0.002000s ]
INFO: [ app_begin ] --END-- [ RunTime:0.003000s ]
NOTIC: [2048] Declaration of Home\Controller\CommonController::error() should be compatible with Think\Controller::error($message = '', $jumpUrl = '', $ajax = false) D:\phpStudy\WWW\NewsWeb\Application\Home\Controller\CommonController.class.php 第 24 行.
NOTIC: [2048] Declaration of Common\Model\NewsModel::find() should be compatible with Think\Model::find($options = Array) D:\phpStudy\WWW\NewsWeb\Application\Common\Model\NewsModel.class.php 第 9 行.
SQL: SHOW COLUMNS FROM `sp_news` [ RunTime:0.0090s ]
SQL: SELECT * FROM `sp_news` WHERE ( news_id=30 ) LIMIT 1   [ RunTime:0.0020s ]
SQL: UPDATE `sp_news` SET `count`='2' WHERE ( news_id=30 ) [ RunTime:0.0010s ]
NOTIC: [2048] Declaration of Common\Model\NewsContentModel::find() should be compatible with Think\Model::find($options = Array) D:\phpStudy\WWW\NewsWeb\Application\Common\Model\NewsContentModel.class.php 第 46 行.
SQL: SHOW COLUMNS FROM `sp_news_content` [ RunTime:0.0090s ]
SQL: SELECT * FROM `sp_news_content` WHERE ( news_id=30 ) LIMIT 1   [ RunTime:0.0020s ]
NOTIC: [2048] Declaration of Common\Model\PositionContentModel::find() should be compatible with Think\Model::find($options = Array) D:\phpStudy\WWW\NewsWeb\Application\Common\Model\PositionContentModel.class.php 第 90 行.
SQL: SHOW COLUMNS FROM `sp_position_content` [ RunTime:0.0090s ]
NOTIC: [8] Undefined index: title D:\phpStudy\WWW\NewsWeb\Application\Common\Model\PositionContentModel.class.php 第 18 行.
SQL: SELECT * FROM `sp_position_content` WHERE `status` = 1 AND `position_id` = 3 ORDER BY listorder desc ,id desc LIMIT 2   [ RunTime:0.0010s ]
SQL: SELECT * FROM `sp_news` WHERE `status` = 1 ORDER BY count desc  LIMIT 10   [ RunTime:0.0020s ]
INFO: [ view_parse ] --START--
INFO: [ template_filter ] --START--
INFO: Run Behavior\ContentReplaceBehavior [ RunTime:0.000000s ]
INFO: [ template_filter ] --END-- [ RunTime:0.000000s ]
NOTIC: [2048] Declaration of Common\Model\BasicModel::save() should be compatible with Think\Model::save($data = '', $options = Array) D:\phpStudy\WWW\NewsWeb\Application\Common\Model\BasicModel.class.php 第 30 行.
NOTIC: [2048] Declaration of Common\Model\BasicModel::select() should be compatible with Think\Model::select($options = Array) D:\phpStudy\WWW\NewsWeb\Application\Common\Model\BasicModel.class.php 第 30 行.
NOTIC: [2048] Declaration of Common\Model\MenuModel::find() should be compatible with Think\Model::find($options = Array) D:\phpStudy\WWW\NewsWeb\Application\Common\Model\MenuModel.class.php 第 91 行.
SQL: SHOW COLUMNS FROM `sp_menu` [ RunTime:0.0090s ]
SQL: SELECT * FROM `sp_menu` WHERE `status` = 1 AND `type` = 0 ORDER BY listorder ,menu_id  [ RunTime:0.0010s ]
NOTIC: [8] Undefined index: name D:\phpStudy\WWW\NewsWeb\Application\Runtime\Cache\Home\0d75cb75cd30b13fdd4834afd69acb19.php 第 69 行.
NOTIC: [8] Undefined index: name D:\phpStudy\WWW\NewsWeb\Application\Runtime\Cache\Home\0d75cb75cd30b13fdd4834afd69acb19.php 第 69 行.
INFO: Run Behavior\ParseTemplateBehavior [ RunTime:0.045002s ]
INFO: [ view_parse ] --END-- [ RunTime:0.045002s ]
INFO: [ view_filter ] --START--
INFO: Run Behavior\WriteHtmlCacheBehavior [ RunTime:0.001001s ]
INFO: [ view_filter ] --END-- [ RunTime:0.001001s ]
INFO: [ app_end ] --START--
INFO: Run Behavior\ShowPageTraceBehavior [ RunTime:0.002000s ]
INFO: [ app_end ] --END-- [ RunTime:0.002000s ]

[ 2017-06-21T09:42:22+08:00 ] ::1 /NewsWeb/index.php?c=detail&id=2
INFO: [ app_init ] --START--
INFO: Run Behavior\BuildLiteBehavior [ RunTime:0.000000s ]
INFO: [ app_init ] --END-- [ RunTime:0.001000s ]
INFO: [ app_begin ] --START--
INFO: Run Behavior\ReadHtmlCacheBehavior [ RunTime:0.001000s ]
INFO: [ app_begin ] --END-- [ RunTime:0.001000s ]
NOTIC: [2048] Declaration of Home\Controller\CommonController::error() should be compatible with Think\Controller::error($message = '', $jumpUrl = '', $ajax = false) D:\phpStudy\WWW\NewsWeb\Application\Home\Controller\CommonController.class.php 第 24 行.
NOTIC: [2048] Declaration of Common\Model\NewsModel::find() should be compatible with Think\Model::find($options = Array) D:\phpStudy\WWW\NewsWeb\Application\Common\Model\NewsModel.class.php 第 9 行.
SQL: SHOW COLUMNS FROM `sp_news` [ RunTime:0.0090s ]
SQL: SELECT * FROM `sp_news` WHERE ( news_id=2 ) LIMIT 1   [ RunTime:0.0020s ]
SQL: UPDATE `sp_news` SET `count`='4' WHERE ( news_id=2 ) [ RunTime:0.0010s ]
NOTIC: [2048] Declaration of Common\Model\NewsContentModel::find() should be compatible with Think\Model::find($options = Array) D:\phpStudy\WWW\NewsWeb\Application\Common\Model\NewsContentModel.class.php 第 46 行.
SQL: SHOW COLUMNS FROM `sp_news_content` [ RunTime:0.0090s ]
SQL: SELECT * FROM `sp_news_content` WHERE ( news_id=2 ) LIMIT 1   [ RunTime:0.0010s ]
NOTIC: [2048] Declaration of Common\Model\PositionContentModel::find() should be compatible with Think\Model::find($options = Array) D:\phpStudy\WWW\NewsWeb\Application\Common\Model\PositionContentModel.class.php 第 90 行.
SQL: SHOW COLUMNS FROM `sp_position_content` [ RunTime:0.0080s ]
NOTIC: [8] Undefined index: title D:\phpStudy\WWW\NewsWeb\Application\Common\Model\PositionContentModel.class.php 第 18 行.
SQL: SELECT * FROM `sp_position_content` WHERE `status` = 1 AND `position_id` = 3 ORDER BY listorder desc ,id desc LIMIT 2   [ RunTime:0.0020s ]
SQL: SELECT * FROM `sp_news` WHERE `status` = 1 ORDER BY count desc  LIMIT 10   [ RunTime:0.0020s ]
INFO: [ view_parse ] --START--
INFO: [ template_filter ] --START--
INFO: Run Behavior\ContentReplaceBehavior [ RunTime:0.000000s ]
INFO: [ template_filter ] --END-- [ RunTime:0.000000s ]
NOTIC: [2048] Declaration of Common\Model\BasicModel::save() should be compatible with Think\Model::save($data = '', $options = Array) D:\phpStudy\WWW\NewsWeb\Application\Common\Model\BasicModel.class.php 第 30 行.
NOTIC: [2048] Declaration of Common\Model\BasicModel::select() should be compatible with Think\Model::select($options = Array) D:\phpStudy\WWW\NewsWeb\Application\Common\Model\BasicModel.class.php 第 30 行.
NOTIC: [2048] Declaration of Common\Model\MenuModel::find() should be compatible with Think\Model::find($options = Array) D:\phpStudy\WWW\NewsWeb\Application\Common\Model\MenuModel.class.php 第 91 行.
SQL: SHOW COLUMNS FROM `sp_menu` [ RunTime:0.0090s ]
SQL: SELECT * FROM `sp_menu` WHERE `status` = 1 AND `type` = 0 ORDER BY listorder ,menu_id  [ RunTime:0.0020s ]
NOTIC: [8] Undefined index: name D:\phpStudy\WWW\NewsWeb\Application\Runtime\Cache\Home\0d75cb75cd30b13fdd4834afd69acb19.php 第 69 行.
NOTIC: [8] Undefined index: name D:\phpStudy\WWW\NewsWeb\Application\Runtime\Cache\Home\0d75cb75cd30b13fdd4834afd69acb19.php 第 69 行.
INFO: Run Behavior\ParseTemplateBehavior [ RunTime:0.050003s ]
INFO: [ view_parse ] --END-- [ RunTime:0.050003s ]
INFO: [ view_filter ] --START--
INFO: Run Behavior\WriteHtmlCacheBehavior [ RunTime:0.001000s ]
INFO: [ view_filter ] --END-- [ RunTime:0.001000s ]
INFO: [ app_end ] --START--
INFO: Run Behavior\ShowPageTraceBehavior [ RunTime:0.002000s ]
INFO: [ app_end ] --END-- [ RunTime:0.002000s ]

[ 2017-06-21T09:42:34+08:00 ] ::1 /NewsWeb/index.php
INFO: [ app_init ] --START--
INFO: Run Behavior\BuildLiteBehavior [ RunTime:0.000000s ]
INFO: [ app_init ] --END-- [ RunTime:0.002000s ]
INFO: [ app_begin ] --START--
INFO: Run Behavior\ReadHtmlCacheBehavior [ RunTime:0.002000s ]
INFO: [ app_begin ] --END-- [ RunTime:0.002000s ]
NOTIC: [2048] Declaration of Home\Controller\CommonController::error() should be compatible with Think\Controller::error($message = '', $jumpUrl = '', $ajax = false) D:\phpStudy\WWW\NewsWeb\Application\Home\Controller\CommonController.class.php 第 24 行.
NOTIC: [2048] Declaration of Common\Model\NewsModel::find() should be compatible with Think\Model::find($options = Array) D:\phpStudy\WWW\NewsWeb\Application\Common\Model\NewsModel.class.php 第 9 行.
SQL: SHOW COLUMNS FROM `sp_news` [ RunTime:0.0090s ]
SQL: SELECT * FROM `sp_news` WHERE `status` = 1 ORDER BY count desc  LIMIT 10   [ RunTime:0.0020s ]
NOTIC: [2048] Declaration of Common\Model\PositionContentModel::find() should be compatible with Think\Model::find($options = Array) D:\phpStudy\WWW\NewsWeb\Application\Common\Model\PositionContentModel.class.php 第 90 行.
SQL: SHOW COLUMNS FROM `sp_position_content` [ RunTime:0.0090s ]
NOTIC: [8] Undefined index: title D:\phpStudy\WWW\NewsWeb\Application\Common\Model\PositionContentModel.class.php 第 18 行.
SQL: SELECT * FROM `sp_position_content` WHERE `status` = 1 AND `position_id` = 1 ORDER BY listorder desc ,id desc LIMIT 1   [ RunTime:0.0010s ]
NOTIC: [8] Undefined index: title D:\phpStudy\WWW\NewsWeb\Application\Common\Model\PositionContentModel.class.php 第 18 行.
SQL: SELECT * FROM `sp_position_content` WHERE `status` = 1 AND `position_id` = 2 ORDER BY listorder desc ,id desc LIMIT 3   [ RunTime:0.0010s ]
SQL: SELECT * FROM `sp_news` WHERE `status` = 1 AND `thumb` <> '' ORDER BY news_id desc LIMIT 30   [ RunTime:0.0010s ]
NOTIC: [8] Undefined index: title D:\phpStudy\WWW\NewsWeb\Application\Common\Model\PositionContentModel.class.php 第 18 行.
SQL: SELECT * FROM `sp_position_content` WHERE `status` = 1 AND `position_id` = 3 ORDER BY listorder desc ,id desc LIMIT 2   [ RunTime:0.0000s ]
INFO: [ view_parse ] --START--
INFO: [ template_filter ] --START--
INFO: Run Behavior\ContentReplaceBehavior [ RunTime:0.001000s ]
INFO: [ template_filter ] --END-- [ RunTime:0.001000s ]
NOTIC: [2048] Declaration of Common\Model\BasicModel::save() should be compatible with Think\Model::save($data = '', $options = Array) D:\phpStudy\WWW\NewsWeb\Application\Common\Model\BasicModel.class.php 第 30 行.
NOTIC: [2048] Declaration of Common\Model\BasicModel::select() should be compatible with Think\Model::select($options = Array) D:\phpStudy\WWW\NewsWeb\Application\Common\Model\BasicModel.class.php 第 30 行.
NOTIC: [2048] Declaration of Common\Model\MenuModel::find() should be compatible with Think\Model::find($options = Array) D:\phpStudy\WWW\NewsWeb\Application\Common\Model\MenuModel.class.php 第 91 行.
SQL: SHOW COLUMNS FROM `sp_menu` [ RunTime:0.0100s ]
SQL: SELECT * FROM `sp_menu` WHERE `status` = 1 AND `type` = 0 ORDER BY listorder ,menu_id  [ RunTime:0.0010s ]
NOTIC: [8] Undefined index: count D:\phpStudy\WWW\NewsWeb\Application\Runtime\Cache\Home\2a94b8bda04ff446dcedd42276fc99ee.php 第 47 行.
NOTIC: [8] Undefined index: create_time D:\phpStudy\WWW\NewsWeb\Application\Runtime\Cache\Home\2a94b8bda04ff446dcedd42276fc99ee.php 第 73 行.
NOTIC: [8] Undefined index: create_time D:\phpStudy\WWW\NewsWeb\Application\Runtime\Cache\Home\2a94b8bda04ff446dcedd42276fc99ee.php 第 73 行.
NOTIC: [8] Undefined index: create_time D:\phpStudy\WWW\NewsWeb\Application\Runtime\Cache\Home\2a94b8bda04ff446dcedd42276fc99ee.php 第 73 行.
NOTIC: [8] Undefined index: create_time D:\phpStudy\WWW\NewsWeb\Application\Runtime\Cache\Home\2a94b8bda04ff446dcedd42276fc99ee.php 第 73 行.
NOTIC: [8] Undefined index: create_time D:\phpStudy\WWW\NewsWeb\Application\Runtime\Cache\Home\2a94b8bda04ff446dcedd42276fc99ee.php 第 73 行.
NOTIC: [8] Undefined index: create_time D:\phpStudy\WWW\NewsWeb\Application\Runtime\Cache\Home\2a94b8bda04ff446dcedd42276fc99ee.php 第 73 行.
NOTIC: [8] Undefined index: create_time D:\phpStudy\WWW\NewsWeb\Application\Runtime\Cache\Home\2a94b8bda04ff446dcedd42276fc99ee.php 第 73 行.
NOTIC: [8] Undefined index: create_time D:\phpStudy\WWW\NewsWeb\Application\Runtime\Cache\Home\2a94b8bda04ff446dcedd42276fc99ee.php 第 73 行.
NOTIC: [8] Undefined index: create_time D:\phpStudy\WWW\NewsWeb\Application\Runtime\Cache\Home\2a94b8bda04ff446dcedd42276fc99ee.php 第 73 行.
NOTIC: [8] Undefined index: create_time D:\phpStudy\WWW\NewsWeb\Application\Runtime\Cache\Home\2a94b8bda04ff446dcedd42276fc99ee.php 第 73 行.
NOTIC: [8] Undefined index: name D:\phpStudy\WWW\NewsWeb\Application\Runtime\Cache\Home\2a94b8bda04ff446dcedd42276fc99ee.php 第 97 行.
NOTIC: [8] Undefined index: name D:\phpStudy\WWW\NewsWeb\Application\Runtime\Cache\Home\2a94b8bda04ff446dcedd42276fc99ee.php 第 97 行.
INFO: Run Behavior\ParseTemplateBehavior [ RunTime:0.056004s ]
INFO: [ view_parse ] --END-- [ RunTime:0.056004s ]
INFO: [ view_filter ] --START--
INFO: Run Behavior\WriteHtmlCacheBehavior [ RunTime:0.002000s ]
INFO: [ view_filter ] --END-- [ RunTime:0.002000s ]
INFO: [ app_end ] --START--
INFO: Run Behavior\ShowPageTraceBehavior [ RunTime:0.003000s ]
INFO: [ app_end ] --END-- [ RunTime:0.003000s ]

[ 2017-06-21T09:42:35+08:00 ] ::1 /NewsWeb/index.php?c=index&a=getCount
INFO: [ app_init ] --START--
INFO: Run Behavior\BuildLiteBehavior [ RunTime:0.000000s ]
INFO: [ app_init ] --END-- [ RunTime:0.003000s ]
INFO: [ app_begin ] --START--
INFO: Run Behavior\ReadHtmlCacheBehavior [ RunTime:0.001000s ]
INFO: [ app_begin ] --END-- [ RunTime:0.001000s ]
NOTIC: [2048] Declaration of Home\Controller\CommonController::error() should be compatible with Think\Controller::error($message = '', $jumpUrl = '', $ajax = false) D:\phpStudy\WWW\NewsWeb\Application\Home\Controller\CommonController.class.php 第 24 行.
NOTIC: [2048] Declaration of Common\Model\NewsModel::find() should be compatible with Think\Model::find($options = Array) D:\phpStudy\WWW\NewsWeb\Application\Common\Model\NewsModel.class.php 第 9 行.
SQL: SHOW COLUMNS FROM `sp_news` [ RunTime:0.0040s ]
SQL: SELECT * FROM `sp_news` WHERE `news_id` IN ('','42','40','30','29','28','6','5','4','2','1')  [ RunTime:0.0010s ]

[ 2017-06-21T11:31:00+08:00 ] ::1 /NewsWeb/index.php?c=detail&id=5
INFO: [ app_init ] --START--
INFO: Run Behavior\BuildLiteBehavior [ RunTime:0.001000s ]
INFO: [ app_init ] --END-- [ RunTime:0.002000s ]
INFO: [ app_begin ] --START--
INFO: Run Behavior\ReadHtmlCacheBehavior [ RunTime:0.005000s ]
INFO: [ app_begin ] --END-- [ RunTime:0.005000s ]
NOTIC: [2048] Declaration of Home\Controller\CommonController::error() should be compatible with Think\Controller::error($message = '', $jumpUrl = '', $ajax = false) D:\phpStudy\WWW\NewsWeb\Application\Home\Controller\CommonController.class.php 第 24 行.
NOTIC: [2048] Declaration of Common\Model\NewsModel::find() should be compatible with Think\Model::find($options = Array) D:\phpStudy\WWW\NewsWeb\Application\Common\Model\NewsModel.class.php 第 9 行.
SQL: SHOW COLUMNS FROM `sp_news` [ RunTime:0.0130s ]
SQL: SELECT * FROM `sp_news` WHERE ( news_id=5 ) LIMIT 1   [ RunTime:0.0010s ]
SQL: UPDATE `sp_news` SET `count`='15' WHERE ( news_id=5 ) [ RunTime:0.0010s ]
NOTIC: [2048] Declaration of Common\Model\NewsContentModel::find() should be compatible with Think\Model::find($options = Array) D:\phpStudy\WWW\NewsWeb\Application\Common\Model\NewsContentModel.class.php 第 46 行.
SQL: SHOW COLUMNS FROM `sp_news_content` [ RunTime:0.0140s ]
SQL: SELECT * FROM `sp_news_content` WHERE ( news_id=5 ) LIMIT 1   [ RunTime:0.0670s ]
NOTIC: [2048] Declaration of Common\Model\PositionContentModel::find() should be compatible with Think\Model::find($options = Array) D:\phpStudy\WWW\NewsWeb\Application\Common\Model\PositionContentModel.class.php 第 90 行.
SQL: SHOW COLUMNS FROM `sp_position_content` [ RunTime:0.2490s ]
NOTIC: [8] Undefined index: title D:\phpStudy\WWW\NewsWeb\Application\Common\Model\PositionContentModel.class.php 第 18 行.
SQL: SELECT * FROM `sp_position_content` WHERE `status` = 1 AND `position_id` = 3 ORDER BY listorder desc ,id desc LIMIT 2   [ RunTime:0.0020s ]
SQL: SELECT * FROM `sp_news` WHERE `status` = 1 ORDER BY count desc  LIMIT 10   [ RunTime:0.0010s ]
INFO: [ view_parse ] --START--
INFO: [ template_filter ] --START--
INFO: Run Behavior\ContentReplaceBehavior [ RunTime:0.000000s ]
INFO: [ template_filter ] --END-- [ RunTime:0.001000s ]
NOTIC: [2048] Declaration of Common\Model\BasicModel::save() should be compatible with Think\Model::save($data = '', $options = Array) D:\phpStudy\WWW\NewsWeb\Application\Common\Model\BasicModel.class.php 第 30 行.
NOTIC: [2048] Declaration of Common\Model\BasicModel::select() should be compatible with Think\Model::select($options = Array) D:\phpStudy\WWW\NewsWeb\Application\Common\Model\BasicModel.class.php 第 30 行.
NOTIC: [2048] Declaration of Common\Model\MenuModel::find() should be compatible with Think\Model::find($options = Array) D:\phpStudy\WWW\NewsWeb\Application\Common\Model\MenuModel.class.php 第 91 行.
SQL: SHOW COLUMNS FROM `sp_menu` [ RunTime:0.0130s ]
SQL: SELECT * FROM `sp_menu` WHERE `status` = 1 AND `type` = 0 ORDER BY listorder ,menu_id  [ RunTime:0.0010s ]
NOTIC: [8] Undefined index: name D:\phpStudy\WWW\NewsWeb\Application\Runtime\Cache\Home\0d75cb75cd30b13fdd4834afd69acb19.php 第 69 行.
NOTIC: [8] Undefined index: name D:\phpStudy\WWW\NewsWeb\Application\Runtime\Cache\Home\0d75cb75cd30b13fdd4834afd69acb19.php 第 69 行.
INFO: Run Behavior\ParseTemplateBehavior [ RunTime:0.421024s ]
INFO: [ view_parse ] --END-- [ RunTime:0.421024s ]
INFO: [ view_filter ] --START--
INFO: Run Behavior\WriteHtmlCacheBehavior [ RunTime:0.002000s ]
INFO: [ view_filter ] --END-- [ RunTime:0.002000s ]
INFO: [ app_end ] --START--
INFO: Run Behavior\ShowPageTraceBehavior [ RunTime:0.003000s ]
INFO: [ app_end ] --END-- [ RunTime:0.003000s ]

[ 2017-06-21T11:57:02+08:00 ] ::1 /NewsWeb/index.php?c=index&a=getCount
INFO: [ app_init ] --START--
INFO: Run Behavior\BuildLiteBehavior [ RunTime:0.000000s ]
INFO: [ app_init ] --END-- [ RunTime:0.001000s ]
INFO: [ app_begin ] --START--
INFO: Run Behavior\ReadHtmlCacheBehavior [ RunTime:0.001000s ]
INFO: [ app_begin ] --END-- [ RunTime:0.002000s ]
NOTIC: [2048] Declaration of Home\Controller\CommonController::error() should be compatible with Think\Controller::error($message = '', $jumpUrl = '', $ajax = false) D:\phpStudy\WWW\NewsWeb\Application\Home\Controller\CommonController.class.php 第 24 行.
NOTIC: [2048] Declaration of Common\Model\NewsModel::find() should be compatible with Think\Model::find($options = Array) D:\phpStudy\WWW\NewsWeb\Application\Common\Model\NewsModel.class.php 第 9 行.
SQL: SHOW COLUMNS FROM `sp_news` [ RunTime:0.0130s ]
SQL: SELECT * FROM `sp_news` WHERE `news_id` IN ('','30','29','28','6','5','4','2','1')  [ RunTime:0.0600s ]

[ 2017-06-21T11:58:10+08:00 ] ::1 /NewsWeb/index.php?&c=login
INFO: [ app_init ] --START--
INFO: Run Behavior\BuildLiteBehavior [ RunTime:0.000000s ]
INFO: [ app_init ] --END-- [ RunTime:0.000000s ]
INFO: [ app_begin ] --START--
INFO: Run Behavior\ReadHtmlCacheBehavior [ RunTime:0.001000s ]
INFO: [ app_begin ] --END-- [ RunTime:0.001000s ]
ERR: 无法加载控制器:Login

[ 2017-06-21T12:00:30+08:00 ] ::1 /NewsWeb/index.php?c=index&a=getCount
INFO: [ app_init ] --START--
INFO: Run Behavior\BuildLiteBehavior [ RunTime:0.000000s ]
INFO: [ app_init ] --END-- [ RunTime:0.004000s ]
INFO: [ app_begin ] --START--
INFO: Run Behavior\ReadHtmlCacheBehavior [ RunTime:0.004000s ]
INFO: [ app_begin ] --END-- [ RunTime:0.004000s ]
NOTIC: [2048] Declaration of Home\Controller\CommonController::error() should be compatible with Think\Controller::error($message = '', $jumpUrl = '', $ajax = false) D:\phpStudy\WWW\NewsWeb\Application\Home\Controller\CommonController.class.php 第 24 行.
NOTIC: [2048] Declaration of Common\Model\NewsModel::find() should be compatible with Think\Model::find($options = Array) D:\phpStudy\WWW\NewsWeb\Application\Common\Model\NewsModel.class.php 第 9 行.
SQL: SHOW COLUMNS FROM `sp_news` [ RunTime:0.0050s ]
SQL: SELECT * FROM `sp_news` WHERE `news_id` IN ('','30','29','28','6','5','4','2','1')  [ RunTime:0.0000s ]

