[ 2017-06-20T10:39:47+08:00 ] ::1 /NewsWeb/index.php/c=search/index?title=%E4%BD%A0%E5%A5%BD
INFO: [ app_init ] --START--
INFO: Run Behavior\BuildLiteBehavior [ RunTime:0.000000s ]
INFO: [ app_init ] --END-- [ RunTime:0.008000s ]
ERR: 无法加载模块:C=search

[ 2017-06-20T10:40:29+08:00 ] ::1 /NewsWeb/index.php/c=search/index?title=%E4%BD%A0%E5%A5%BD
INFO: [ app_init ] --START--
INFO: Run Behavior\BuildLiteBehavior [ RunTime:0.000000s ]
INFO: [ app_init ] --END-- [ RunTime:0.000000s ]
ERR: 无法加载模块:C=search

[ 2017-06-20T10:40:40+08:00 ] ::1 /NewsWeb/index.php/c=Search/index?title=%E5%A5%BD
INFO: [ app_init ] --START--
INFO: Run Behavior\BuildLiteBehavior [ RunTime:0.000000s ]
INFO: [ app_init ] --END-- [ RunTime:0.000000s ]
ERR: 无法加载模块:C=Search

[ 2017-06-20T11:37:18+08:00 ] ::1 /NewsWeb/index.php/c=search/index?title=%E4%BD%A0%E5%A5%BD
INFO: [ app_init ] --START--
INFO: Run Behavior\BuildLiteBehavior [ RunTime:0.000000s ]
INFO: [ app_init ] --END-- [ RunTime:0.001000s ]
ERR: 无法加载模块:C=search

